<?xml version="1.0" encoding="UTF-8"?>
<testsuite xmlns:xsi="http://www.w3.org/2001/XMLSchema-instance" xsi:noNamespaceSchemaLocation="https://maven.apache.org/surefire/maven-surefire-plugin/xsd/surefire-test-report.xsd" version="3.0.1" name="tests.LoginAndSearchTest" time="31.482" tests="1" errors="0" skipped="0" failures="1">
  <properties>
    <property name="java.specification.version" value="22"/>
    <property name="sun.cpu.isalist" value="amd64"/>
    <property name="sun.jnu.encoding" value="Cp1252"/>
    <property name="java.class.path" value="C:\Users\Aditya\eclipse-workspace\Playwright\target\test-classes;C:\Users\Aditya\eclipse-workspace\Playwright\target\classes;C:\Users\Aditya\.m2\repository\com\microsoft\playwright\playwright\1.50.0\playwright-1.50.0.jar;C:\Users\Aditya\.m2\repository\com\google\code\gson\gson\2.12.1\gson-2.12.1.jar;C:\Users\Aditya\.m2\repository\com\google\errorprone\error_prone_annotations\2.36.0\error_prone_annotations-2.36.0.jar;C:\Users\Aditya\.m2\repository\org\opentest4j\opentest4j\1.3.0\opentest4j-1.3.0.jar;C:\Users\Aditya\.m2\repository\com\microsoft\playwright\driver\1.50.0\driver-1.50.0.jar;C:\Users\Aditya\.m2\repository\com\microsoft\playwright\driver-bundle\1.50.0\driver-bundle-1.50.0.jar;C:\Users\Aditya\.m2\repository\org\testng\testng\7.11.0\testng-7.11.0.jar;C:\Users\Aditya\.m2\repository\org\slf4j\slf4j-api\2.0.16\slf4j-api-2.0.16.jar;C:\Users\Aditya\.m2\repository\org\jcommander\jcommander\1.83\jcommander-1.83.jar;C:\Users\Aditya\.m2\repository\org\webjars\jquery\3.7.1\jquery-3.7.1.jar;"/>
    <property name="java.vm.vendor" value="Oracle Corporation"/>
    <property name="sun.arch.data.model" value="64"/>
    <property name="user.variant" value=""/>
    <property name="java.vendor.url" value="https://java.oracle.com/"/>
    <property name="user.timezone" value="Asia/Calcutta"/>
    <property name="os.name" value="Windows 11"/>
    <property name="java.vm.specification.version" value="22"/>
    <property name="user.country" value="GB"/>
    <property name="sun.java.launcher" value="SUN_STANDARD"/>
    <property name="sun.boot.library.path" value="C:\Users\Aditya\Downloads\jdk-22_windows-x64_bin\jdk-22.0.1\bin"/>
    <property name="sun.java.command" value="C:\Users\Aditya\AppData\Local\Temp\surefire14762781253721893615\surefirebooter-20250513213801928_3.jar C:\Users\Aditya\AppData\Local\Temp\surefire14762781253721893615 2025-05-13T21-37-59_350-jvmRun1 surefire-20250513213801928_1tmp surefire_0-20250513213801928_2tmp"/>
    <property name="jdk.debug" value="release"/>
    <property name="test" value="tests.LoginAndSearchTest"/>
    <property name="surefire.test.class.path" value="C:\Users\Aditya\eclipse-workspace\Playwright\target\test-classes;C:\Users\Aditya\eclipse-workspace\Playwright\target\classes;C:\Users\Aditya\.m2\repository\com\microsoft\playwright\playwright\1.50.0\playwright-1.50.0.jar;C:\Users\Aditya\.m2\repository\com\google\code\gson\gson\2.12.1\gson-2.12.1.jar;C:\Users\Aditya\.m2\repository\com\google\errorprone\error_prone_annotations\2.36.0\error_prone_annotations-2.36.0.jar;C:\Users\Aditya\.m2\repository\org\opentest4j\opentest4j\1.3.0\opentest4j-1.3.0.jar;C:\Users\Aditya\.m2\repository\com\microsoft\playwright\driver\1.50.0\driver-1.50.0.jar;C:\Users\Aditya\.m2\repository\com\microsoft\playwright\driver-bundle\1.50.0\driver-bundle-1.50.0.jar;C:\Users\Aditya\.m2\repository\org\testng\testng\7.11.0\testng-7.11.0.jar;C:\Users\Aditya\.m2\repository\org\slf4j\slf4j-api\2.0.16\slf4j-api-2.0.16.jar;C:\Users\Aditya\.m2\repository\org\jcommander\jcommander\1.83\jcommander-1.83.jar;C:\Users\Aditya\.m2\repository\org\webjars\jquery\3.7.1\jquery-3.7.1.jar;"/>
    <property name="sun.cpu.endian" value="little"/>
    <property name="user.home" value="C:\Users\Aditya"/>
    <property name="user.language" value="en"/>
    <property name="java.specification.vendor" value="Oracle Corporation"/>
    <property name="java.version.date" value="2024-04-16"/>
    <property name="java.home" value="C:\Users\Aditya\Downloads\jdk-22_windows-x64_bin\jdk-22.0.1"/>
    <property name="file.separator" value="\"/>
    <property name="basedir" value="C:\Users\Aditya\eclipse-workspace\Playwright"/>
    <property name="java.vm.compressedOopsMode" value="Zero based"/>
    <property name="line.separator" value="&#10;"/>
    <property name="java.vm.specification.vendor" value="Oracle Corporation"/>
    <property name="java.specification.name" value="Java Platform API Specification"/>
    <property name="surefire.real.class.path" value="C:\Users\Aditya\AppData\Local\Temp\surefire14762781253721893615\surefirebooter-20250513213801928_3.jar"/>
    <property name="user.script" value=""/>
    <property name="sun.management.compiler" value="HotSpot 64-Bit Tiered Compilers"/>
    <property name="java.runtime.version" value="22.0.1+8-16"/>
    <property name="user.name" value="Aditya"/>
    <property name="stdout.encoding" value="Cp1252"/>
    <property name="path.separator" value=";"/>
    <property name="os.version" value="10.0"/>
    <property name="java.runtime.name" value="Java(TM) SE Runtime Environment"/>
    <property name="file.encoding" value="UTF-8"/>
    <property name="java.vm.name" value="Java HotSpot(TM) 64-Bit Server VM"/>
    <property name="maven.ext.class.path" value="C:\Users\Aditya\.cursor\extensions\oracle.oracle-java-24.0.0\nbcode\java\maven-nblib\netbeans-eventspy.jar"/>
    <property name="localRepository" value="C:\Users\Aditya\.m2\repository"/>
    <property name="java.vendor.url.bug" value="https://bugreport.java.com/bugreport/"/>
    <property name="java.io.tmpdir" value="C:\Users\Aditya\AppData\Local\Temp\"/>
    <property name="java.version" value="22.0.1"/>
    <property name="user.dir" value="C:\Users\Aditya\eclipse-workspace\Playwright"/>
    <property name="os.arch" value="amd64"/>
    <property name="java.vm.specification.name" value="Java Virtual Machine Specification"/>
    <property name="sun.os.patch.level" value=""/>
    <property name="native.encoding" value="Cp1252"/>
    <property name="java.library.path" value="C:\Users\Aditya\Downloads\jdk-22_windows-x64_bin\jdk-22.0.1\bin;C:\WINDOWS\Sun\Java\bin;C:\WINDOWS\system32;C:\WINDOWS;C:\Users\Aditya\Downloads\bin;C:\WINDOWS\system32;C:\WINDOWS;C:\WINDOWS\System32\Wbem;C:\WINDOWS\System32\WindowsPowerShell\v1.0\;C:\WINDOWS\System32\OpenSSH\;C:\Program Files\Intel\WiFi\bin\;C:\Program Files\Common Files\Intel\WirelessCommon\;C:\Users\Aditya\Downloads\jdk-22_windows-x64_bin\jdk-22.0.1\bin;C:\Users\Aditya\AppData\Roaming\nvm;C:\Program Files\nodejs;C:\Program Files\Git\cmd;C:\Program Files\Redis\;C:\Users\Aditya\Downloads\jdk-22_windows-x64_bin\jdk-22.0.1\bin;C:\Program Files\Docker\Docker\resources\bin;C:\Users\Aditya\Downloads\apache-maven-3.9.9-bin;C:\Users\Aditya\AppData\Local\Android\Sdk\platform-tools;C:\Users\Aditya\AppData\Local\Microsoft\WindowsApps;C:\Program Files\JetBrains\IntelliJ IDEA Educational Edition 2022.2.2\bin;;C:\Users\Aditya\AppData\Roaming\npm;C:\Users\Aditya\AppData\Roaming\nvm;C:\Program Files\nodejs;C:\Users\Aditya\AppData\Local\Programs\Microsoft VS Code\bin;C:\Users\Aditya\AppData\Local\Programs\cursor\resources\app\bin;."/>
    <property name="java.vm.info" value="mixed mode, sharing"/>
    <property name="stderr.encoding" value="Cp1252"/>
    <property name="java.vendor" value="Oracle Corporation"/>
    <property name="java.vm.version" value="22.0.1+8-16"/>
    <property name="sun.io.unicode.encoding" value="UnicodeLittle"/>
    <property name="java.class.version" value="66.0"/>
  </properties>
  <testcase name="testLoginAndSearchOrganization" classname="tests.LoginAndSearchTest" time="19.656">
    <failure message="Error {&#10;  message=&apos;Timeout 3000ms exceeded.&#10;  name=&apos;TimeoutError&#10;  stack=&apos;TimeoutError: Timeout 3000ms exceeded.&#10;    at ProgressController.run (C:\Users\Aditya\AppData\Local\Temp\playwright-java-9460604825503588220\package\lib\server\progress.js:75:26)&#10;    at Frame.waitForSelector (C:\Users\Aditya\AppData\Local\Temp\playwright-java-9460604825503588220\package\lib\server\frames.js:628:23)&#10;    at FrameDispatcher.waitForSelector (C:\Users\Aditya\AppData\Local\Temp\playwright-java-9460604825503588220\package\lib\server\dispatchers\frameDispatcher.js:107:103)&#10;    at FrameDispatcher._handleCommand (C:\Users\Aditya\AppData\Local\Temp\playwright-java-9460604825503588220\package\lib\server\dispatchers\dispatcher.js:94:40)&#10;    at DispatcherConnection.dispatch (C:\Users\Aditya\AppData\Local\Temp\playwright-java-9460604825503588220\package\lib\server\dispatchers\dispatcher.js:361:39)&#10;}&#10;Call log:&#10;-   - waiting for locator(&quot;//mat-card[@class=&apos;mat-card mat-focus-indicator cursor-pointer-hover&apos;][contains(., &apos;not-Disclosed&apos;)]&quot;) to be visible&#10;" type="com.microsoft.playwright.TimeoutError"><![CDATA[com.microsoft.playwright.TimeoutError: 
Error {
  message='Timeout 3000ms exceeded.
  name='TimeoutError
  stack='TimeoutError: Timeout 3000ms exceeded.
    at ProgressController.run (C:\Users\Aditya\AppData\Local\Temp\playwright-java-9460604825503588220\package\lib\server\progress.js:75:26)
    at Frame.waitForSelector (C:\Users\Aditya\AppData\Local\Temp\playwright-java-9460604825503588220\package\lib\server\frames.js:628:23)
    at FrameDispatcher.waitForSelector (C:\Users\Aditya\AppData\Local\Temp\playwright-java-9460604825503588220\package\lib\server\dispatchers\frameDispatcher.js:107:103)
    at FrameDispatcher._handleCommand (C:\Users\Aditya\AppData\Local\Temp\playwright-java-9460604825503588220\package\lib\server\dispatchers\dispatcher.js:94:40)
    at DispatcherConnection.dispatch (C:\Users\Aditya\AppData\Local\Temp\playwright-java-9460604825503588220\package\lib\server\dispatchers\dispatcher.js:361:39)
}
Call log:
-   - waiting for locator("//mat-card[@class='mat-card mat-focus-indicator cursor-pointer-hover'][contains(., 'not-Disclosed')]") to be visible

	at com.microsoft.playwright.impl.WaitableResult.get(WaitableResult.java:52)
	at com.microsoft.playwright.impl.ChannelOwner.runUntil(ChannelOwner.java:132)
	at com.microsoft.playwright.impl.Connection.sendMessage(Connection.java:130)
	at com.microsoft.playwright.impl.ChannelOwner.sendMessage(ChannelOwner.java:118)
	at com.microsoft.playwright.impl.FrameImpl.waitForSelectorImpl(FrameImpl.java:1060)
	at com.microsoft.playwright.impl.FrameImpl.waitForSelectorImpl(FrameImpl.java:1050)
	at com.microsoft.playwright.impl.PageImpl.lambda$waitForSelector$95(PageImpl.java:1590)
	at com.microsoft.playwright.impl.LoggingSupport.withLogging(LoggingSupport.java:47)
	at com.microsoft.playwright.impl.ChannelOwner.withLogging(ChannelOwner.java:97)
	at com.microsoft.playwright.impl.PageImpl.waitForSelector(PageImpl.java:1589)
	at pages.OrganizationPage.clickOrganizationAndShowProjects(OrganizationPage.java:35)
	at tests.LoginAndSearchTest.testLoginAndSearchOrganization(LoginAndSearchTest.java:47)
	at java.base/jdk.internal.reflect.DirectMethodHandleAccessor.invoke(DirectMethodHandleAccessor.java:103)
	at java.base/java.lang.reflect.Method.invoke(Method.java:580)
	at org.testng.internal.invokers.MethodInvocationHelper.invokeMethod(MethodInvocationHelper.java:141)
	at org.testng.internal.invokers.TestInvoker.invokeMethod(TestInvoker.java:687)
	at org.testng.internal.invokers.TestInvoker.invokeTestMethod(TestInvoker.java:230)
	at org.testng.internal.invokers.MethodRunner.runInSequence(MethodRunner.java:63)
	at org.testng.internal.invokers.TestInvoker$MethodInvocationAgent.invoke(TestInvoker.java:995)
	at org.testng.internal.invokers.TestInvoker.invokeTestMethods(TestInvoker.java:203)
	at org.testng.internal.invokers.TestMethodWorker.invokeTestMethods(TestMethodWorker.java:154)
	at org.testng.internal.invokers.TestMethodWorker.run(TestMethodWorker.java:134)
	at java.base/java.util.ArrayList.forEach(ArrayList.java:1597)
	at org.testng.TestRunner.privateRun(TestRunner.java:741)
	at org.testng.TestRunner.run(TestRunner.java:616)
	at org.testng.SuiteRunner.runTest(SuiteRunner.java:421)
	at org.testng.SuiteRunner.runSequentially(SuiteRunner.java:413)
	at org.testng.SuiteRunner.privateRun(SuiteRunner.java:373)
	at org.testng.SuiteRunner.run(SuiteRunner.java:312)
	at org.testng.SuiteRunnerWorker.runSuite(SuiteRunnerWorker.java:52)
	at org.testng.SuiteRunnerWorker.run(SuiteRunnerWorker.java:95)
	at org.testng.TestNG.runSuitesSequentially(TestNG.java:1274)
	at org.testng.TestNG.runSuitesLocally(TestNG.java:1208)
	at org.testng.TestNG.runSuites(TestNG.java:1112)
	at org.testng.TestNG.run(TestNG.java:1079)
	at org.apache.maven.surefire.testng.TestNGExecutor.run(TestNGExecutor.java:155)
	at org.apache.maven.surefire.testng.TestNGDirectoryTestSuite.executeSingleClass(TestNGDirectoryTestSuite.java:102)
	at org.apache.maven.surefire.testng.TestNGDirectoryTestSuite.execute(TestNGDirectoryTestSuite.java:91)
	at org.apache.maven.surefire.testng.TestNGProvider.invoke(TestNGProvider.java:137)
	at org.apache.maven.surefire.booter.ForkedBooter.runSuitesInProcess(ForkedBooter.java:385)
	at org.apache.maven.surefire.booter.ForkedBooter.execute(ForkedBooter.java:162)
	at org.apache.maven.surefire.booter.ForkedBooter.run(ForkedBooter.java:507)
	at org.apache.maven.surefire.booter.ForkedBooter.main(ForkedBooter.java:495)
Caused by: com.microsoft.playwright.TimeoutError: Error {
  message='Timeout 3000ms exceeded.
  name='TimeoutError
  stack='TimeoutError: Timeout 3000ms exceeded.
    at ProgressController.run (C:\Users\Aditya\AppData\Local\Temp\playwright-java-9460604825503588220\package\lib\server\progress.js:75:26)
    at Frame.waitForSelector (C:\Users\Aditya\AppData\Local\Temp\playwright-java-9460604825503588220\package\lib\server\frames.js:628:23)
    at FrameDispatcher.waitForSelector (C:\Users\Aditya\AppData\Local\Temp\playwright-java-9460604825503588220\package\lib\server\dispatchers\frameDispatcher.js:107:103)
    at FrameDispatcher._handleCommand (C:\Users\Aditya\AppData\Local\Temp\playwright-java-9460604825503588220\package\lib\server\dispatchers\dispatcher.js:94:40)
    at DispatcherConnection.dispatch (C:\Users\Aditya\AppData\Local\Temp\playwright-java-9460604825503588220\package\lib\server\dispatchers\dispatcher.js:361:39)
}
Call log:
-   - waiting for locator("//mat-card[@class='mat-card mat-focus-indicator cursor-pointer-hover'][contains(., 'not-Disclosed')]") to be visible

	at com.microsoft.playwright.impl.Connection.dispatch(Connection.java:254)
	at com.microsoft.playwright.impl.Connection.processOneMessage(Connection.java:211)
	at com.microsoft.playwright.impl.ChannelOwner.runUntil(ChannelOwner.java:130)
	... 41 more
]]></failure>
    <system-err><![CDATA[SLF4J(W): No SLF4J providers were found.
SLF4J(W): Defaulting to no-operation (NOP) logger implementation
SLF4J(W): See https://www.slf4j.org/codes.html#noProviders for further details.
]]></system-err>
  </testcase>
</testsuite>